CRITICAL - 2022-06-16 11:22:48 --> Undefined variable: validacao
#0 C:\xampp\htdocs\food\app\Controllers\Carrinho.php(24): CodeIgniter\Debug\Exceptions->errorHandler(8, 'Undefined varia...', 'C:\\xampp\\htdocs...', 24, Array)
#1 C:\xampp\htdocs\food\system\CodeIgniter.php(832): App\Controllers\Carrinho->adicionar()
#2 C:\xampp\htdocs\food\system\CodeIgniter.php(419): CodeIgniter\CodeIgniter->runController(Object(App\Controllers\Carrinho))
#3 C:\xampp\htdocs\food\system\CodeIgniter.php(326): CodeIgniter\CodeIgniter->handleRequest(NULL, Object(Config\Cache), false)
#4 C:\xampp\htdocs\food\public\index.php(37): CodeIgniter\CodeIgniter->run()
#5 C:\xampp\htdocs\food\system\Commands\Server\rewrite.php(43): require_once('C:\\xampp\\htdocs...')
#6 {main}
CRITICAL - 2022-06-16 11:24:24 --> Undefined variable: validacao
#0 C:\xampp\htdocs\food\app\Controllers\Carrinho.php(24): CodeIgniter\Debug\Exceptions->errorHandler(8, 'Undefined varia...', 'C:\\xampp\\htdocs...', 24, Array)
#1 C:\xampp\htdocs\food\system\CodeIgniter.php(832): App\Controllers\Carrinho->adicionar()
#2 C:\xampp\htdocs\food\system\CodeIgniter.php(419): CodeIgniter\CodeIgniter->runController(Object(App\Controllers\Carrinho))
#3 C:\xampp\htdocs\food\system\CodeIgniter.php(326): CodeIgniter\CodeIgniter->handleRequest(NULL, Object(Config\Cache), false)
#4 C:\xampp\htdocs\food\public\index.php(37): CodeIgniter\CodeIgniter->run()
#5 C:\xampp\htdocs\food\system\Commands\Server\rewrite.php(43): require_once('C:\\xampp\\htdocs...')
#6 {main}
CRITICAL - 2022-06-16 11:40:07 --> Undefined index: esécificacao_id
#0 C:\xampp\htdocs\food\app\Controllers\Carrinho.php(44): CodeIgniter\Debug\Exceptions->errorHandler(8, 'Undefined index...', 'C:\\xampp\\htdocs...', 44, Array)
#1 C:\xampp\htdocs\food\system\CodeIgniter.php(832): App\Controllers\Carrinho->adicionar()
#2 C:\xampp\htdocs\food\system\CodeIgniter.php(419): CodeIgniter\CodeIgniter->runController(Object(App\Controllers\Carrinho))
#3 C:\xampp\htdocs\food\system\CodeIgniter.php(326): CodeIgniter\CodeIgniter->handleRequest(NULL, Object(Config\Cache), false)
#4 C:\xampp\htdocs\food\public\index.php(37): CodeIgniter\CodeIgniter->run()
#5 C:\xampp\htdocs\food\system\Commands\Server\rewrite.php(43): require_once('C:\\xampp\\htdocs...')
#6 {main}
CRITICAL - 2022-06-16 11:40:50 --> Undefined index: esécificacao_id
#0 C:\xampp\htdocs\food\app\Controllers\Carrinho.php(44): CodeIgniter\Debug\Exceptions->errorHandler(8, 'Undefined index...', 'C:\\xampp\\htdocs...', 44, Array)
#1 C:\xampp\htdocs\food\system\CodeIgniter.php(832): App\Controllers\Carrinho->adicionar()
#2 C:\xampp\htdocs\food\system\CodeIgniter.php(419): CodeIgniter\CodeIgniter->runController(Object(App\Controllers\Carrinho))
#3 C:\xampp\htdocs\food\system\CodeIgniter.php(326): CodeIgniter\CodeIgniter->handleRequest(NULL, Object(Config\Cache), false)
#4 C:\xampp\htdocs\food\public\index.php(37): CodeIgniter\CodeIgniter->run()
#5 C:\xampp\htdocs\food\system\Commands\Server\rewrite.php(43): require_once('C:\\xampp\\htdocs...')
#6 {main}
CRITICAL - 2022-06-16 11:46:38 --> Undefined index: esécificacao_id
#0 C:\xampp\htdocs\food\app\Controllers\Carrinho.php(44): CodeIgniter\Debug\Exceptions->errorHandler(8, 'Undefined index...', 'C:\\xampp\\htdocs...', 44, Array)
#1 C:\xampp\htdocs\food\system\CodeIgniter.php(832): App\Controllers\Carrinho->adicionar()
#2 C:\xampp\htdocs\food\system\CodeIgniter.php(419): CodeIgniter\CodeIgniter->runController(Object(App\Controllers\Carrinho))
#3 C:\xampp\htdocs\food\system\CodeIgniter.php(326): CodeIgniter\CodeIgniter->handleRequest(NULL, Object(Config\Cache), false)
#4 C:\xampp\htdocs\food\public\index.php(37): CodeIgniter\CodeIgniter->run()
#5 C:\xampp\htdocs\food\system\Commands\Server\rewrite.php(43): require_once('C:\\xampp\\htdocs...')
#6 {main}
