CRITICAL - 2022-06-23 09:14:36 --> Undefined property: stdClass::$id
#0 C:\xampp\htdocs\food\app\Views\Produto\detalhes.php(59): CodeIgniter\Debug\Exceptions->errorHandler(8, 'Undefined prope...', 'C:\\xampp\\htdocs...', 59, Array)
#1 C:\xampp\htdocs\food\system\View\View.php(210): include('C:\\xampp\\htdocs...')
#2 C:\xampp\htdocs\food\system\View\View.php(213): CodeIgniter\View\View->CodeIgniter\View\{closure}()
#3 C:\xampp\htdocs\food\system\Common.php(1089): CodeIgniter\View\View->render('Produto/detalhe...', Array, true)
#4 C:\xampp\htdocs\food\app\Controllers\Produto.php(41): view('Produto/detalhe...', Array)
#5 C:\xampp\htdocs\food\system\CodeIgniter.php(832): App\Controllers\Produto->detalhes('pizza-de-frango...')
#6 C:\xampp\htdocs\food\system\CodeIgniter.php(419): CodeIgniter\CodeIgniter->runController(Object(App\Controllers\Produto))
#7 C:\xampp\htdocs\food\system\CodeIgniter.php(326): CodeIgniter\CodeIgniter->handleRequest(NULL, Object(Config\Cache), false)
#8 C:\xampp\htdocs\food\public\index.php(37): CodeIgniter\CodeIgniter->run()
#9 C:\xampp\htdocs\food\system\Commands\Server\rewrite.php(43): require_once('C:\\xampp\\htdocs...')
#10 {main}
CRITICAL - 2022-06-23 09:29:08 --> Undefined property: stdClass::$id_principal
#0 C:\xampp\htdocs\food\app\Views\Produto\detalhes.php(59): CodeIgniter\Debug\Exceptions->errorHandler(8, 'Undefined prope...', 'C:\\xampp\\htdocs...', 59, Array)
#1 C:\xampp\htdocs\food\system\View\View.php(210): include('C:\\xampp\\htdocs...')
#2 C:\xampp\htdocs\food\system\View\View.php(213): CodeIgniter\View\View->CodeIgniter\View\{closure}()
#3 C:\xampp\htdocs\food\system\Common.php(1089): CodeIgniter\View\View->render('Produto/detalhe...', Array, true)
#4 C:\xampp\htdocs\food\app\Controllers\Produto.php(41): view('Produto/detalhe...', Array)
#5 C:\xampp\htdocs\food\system\CodeIgniter.php(832): App\Controllers\Produto->detalhes('pizza-de-frango...')
#6 C:\xampp\htdocs\food\system\CodeIgniter.php(419): CodeIgniter\CodeIgniter->runController(Object(App\Controllers\Produto))
#7 C:\xampp\htdocs\food\system\CodeIgniter.php(326): CodeIgniter\CodeIgniter->handleRequest(NULL, Object(Config\Cache), false)
#8 C:\xampp\htdocs\food\public\index.php(37): CodeIgniter\CodeIgniter->run()
#9 C:\xampp\htdocs\food\system\Commands\Server\rewrite.php(43): require_once('C:\\xampp\\htdocs...')
#10 {main}
CRITICAL - 2022-06-23 10:48:11 --> Undefined variable: validacao
#0 C:\xampp\htdocs\food\app\Controllers\Carrinho.php(32): CodeIgniter\Debug\Exceptions->errorHandler(8, 'Undefined varia...', 'C:\\xampp\\htdocs...', 32, Array)
#1 C:\xampp\htdocs\food\system\CodeIgniter.php(832): App\Controllers\Carrinho->adicionar()
#2 C:\xampp\htdocs\food\system\CodeIgniter.php(419): CodeIgniter\CodeIgniter->runController(Object(App\Controllers\Carrinho))
#3 C:\xampp\htdocs\food\system\CodeIgniter.php(326): CodeIgniter\CodeIgniter->handleRequest(NULL, Object(Config\Cache), false)
#4 C:\xampp\htdocs\food\public\index.php(37): CodeIgniter\CodeIgniter->run()
#5 C:\xampp\htdocs\food\system\Commands\Server\rewrite.php(43): require_once('C:\\xampp\\htdocs...')
#6 {main}
CRITICAL - 2022-06-23 10:48:26 --> Call to a member function toArray() on null
#0 C:\xampp\htdocs\food\system\CodeIgniter.php(832): App\Controllers\Carrinho->adicionar()
#1 C:\xampp\htdocs\food\system\CodeIgniter.php(419): CodeIgniter\CodeIgniter->runController(Object(App\Controllers\Carrinho))
#2 C:\xampp\htdocs\food\system\CodeIgniter.php(326): CodeIgniter\CodeIgniter->handleRequest(NULL, Object(Config\Cache), false)
#3 C:\xampp\htdocs\food\public\index.php(37): CodeIgniter\CodeIgniter->run()
#4 C:\xampp\htdocs\food\system\Commands\Server\rewrite.php(43): require_once('C:\\xampp\\htdocs...')
#5 {main}
CRITICAL - 2022-06-23 10:48:43 --> Call to a member function toArray() on null
#0 C:\xampp\htdocs\food\system\CodeIgniter.php(832): App\Controllers\Carrinho->adicionar()
#1 C:\xampp\htdocs\food\system\CodeIgniter.php(419): CodeIgniter\CodeIgniter->runController(Object(App\Controllers\Carrinho))
#2 C:\xampp\htdocs\food\system\CodeIgniter.php(326): CodeIgniter\CodeIgniter->handleRequest(NULL, Object(Config\Cache), false)
#3 C:\xampp\htdocs\food\public\index.php(37): CodeIgniter\CodeIgniter->run()
#4 C:\xampp\htdocs\food\system\Commands\Server\rewrite.php(43): require_once('C:\\xampp\\htdocs...')
#5 {main}
CRITICAL - 2022-06-23 10:49:58 --> Call to a member function toArray() on null
#0 C:\xampp\htdocs\food\system\CodeIgniter.php(832): App\Controllers\Carrinho->adicionar()
#1 C:\xampp\htdocs\food\system\CodeIgniter.php(419): CodeIgniter\CodeIgniter->runController(Object(App\Controllers\Carrinho))
#2 C:\xampp\htdocs\food\system\CodeIgniter.php(326): CodeIgniter\CodeIgniter->handleRequest(NULL, Object(Config\Cache), false)
#3 C:\xampp\htdocs\food\public\index.php(37): CodeIgniter\CodeIgniter->run()
#4 C:\xampp\htdocs\food\system\Commands\Server\rewrite.php(43): require_once('C:\\xampp\\htdocs...')
#5 {main}
CRITICAL - 2022-06-23 10:50:48 --> Undefined variable: validation
#0 C:\xampp\htdocs\food\app\Controllers\Carrinho.php(32): CodeIgniter\Debug\Exceptions->errorHandler(8, 'Undefined varia...', 'C:\\xampp\\htdocs...', 32, Array)
#1 C:\xampp\htdocs\food\system\CodeIgniter.php(832): App\Controllers\Carrinho->adicionar()
#2 C:\xampp\htdocs\food\system\CodeIgniter.php(419): CodeIgniter\CodeIgniter->runController(Object(App\Controllers\Carrinho))
#3 C:\xampp\htdocs\food\system\CodeIgniter.php(326): CodeIgniter\CodeIgniter->handleRequest(NULL, Object(Config\Cache), false)
#4 C:\xampp\htdocs\food\public\index.php(37): CodeIgniter\CodeIgniter->run()
#5 C:\xampp\htdocs\food\system\Commands\Server\rewrite.php(43): require_once('C:\\xampp\\htdocs...')
#6 {main}
CRITICAL - 2022-06-23 10:50:56 --> Undefined variable: validation
#0 C:\xampp\htdocs\food\app\Controllers\Carrinho.php(32): CodeIgniter\Debug\Exceptions->errorHandler(8, 'Undefined varia...', 'C:\\xampp\\htdocs...', 32, Array)
#1 C:\xampp\htdocs\food\system\CodeIgniter.php(832): App\Controllers\Carrinho->adicionar()
#2 C:\xampp\htdocs\food\system\CodeIgniter.php(419): CodeIgniter\CodeIgniter->runController(Object(App\Controllers\Carrinho))
#3 C:\xampp\htdocs\food\system\CodeIgniter.php(326): CodeIgniter\CodeIgniter->handleRequest(NULL, Object(Config\Cache), false)
#4 C:\xampp\htdocs\food\public\index.php(37): CodeIgniter\CodeIgniter->run()
#5 C:\xampp\htdocs\food\system\Commands\Server\rewrite.php(43): require_once('C:\\xampp\\htdocs...')
#6 {main}
CRITICAL - 2022-06-23 10:51:52 --> Undefined variable: validacao
#0 C:\xampp\htdocs\food\app\Controllers\Carrinho.php(32): CodeIgniter\Debug\Exceptions->errorHandler(8, 'Undefined varia...', 'C:\\xampp\\htdocs...', 32, Array)
#1 C:\xampp\htdocs\food\system\CodeIgniter.php(832): App\Controllers\Carrinho->adicionar()
#2 C:\xampp\htdocs\food\system\CodeIgniter.php(419): CodeIgniter\CodeIgniter->runController(Object(App\Controllers\Carrinho))
#3 C:\xampp\htdocs\food\system\CodeIgniter.php(326): CodeIgniter\CodeIgniter->handleRequest(NULL, Object(Config\Cache), false)
#4 C:\xampp\htdocs\food\public\index.php(37): CodeIgniter\CodeIgniter->run()
#5 C:\xampp\htdocs\food\system\Commands\Server\rewrite.php(43): require_once('C:\\xampp\\htdocs...')
#6 {main}
CRITICAL - 2022-06-23 10:52:03 --> Undefined variable: validacao
#0 C:\xampp\htdocs\food\app\Controllers\Carrinho.php(32): CodeIgniter\Debug\Exceptions->errorHandler(8, 'Undefined varia...', 'C:\\xampp\\htdocs...', 32, Array)
#1 C:\xampp\htdocs\food\system\CodeIgniter.php(832): App\Controllers\Carrinho->adicionar()
#2 C:\xampp\htdocs\food\system\CodeIgniter.php(419): CodeIgniter\CodeIgniter->runController(Object(App\Controllers\Carrinho))
#3 C:\xampp\htdocs\food\system\CodeIgniter.php(326): CodeIgniter\CodeIgniter->handleRequest(NULL, Object(Config\Cache), false)
#4 C:\xampp\htdocs\food\public\index.php(37): CodeIgniter\CodeIgniter->run()
#5 C:\xampp\htdocs\food\system\Commands\Server\rewrite.php(43): require_once('C:\\xampp\\htdocs...')
#6 {main}
CRITICAL - 2022-06-23 10:52:31 --> Undefined variable: validacao
#0 C:\xampp\htdocs\food\app\Controllers\Carrinho.php(32): CodeIgniter\Debug\Exceptions->errorHandler(8, 'Undefined varia...', 'C:\\xampp\\htdocs...', 32, Array)
#1 C:\xampp\htdocs\food\system\CodeIgniter.php(832): App\Controllers\Carrinho->adicionar()
#2 C:\xampp\htdocs\food\system\CodeIgniter.php(419): CodeIgniter\CodeIgniter->runController(Object(App\Controllers\Carrinho))
#3 C:\xampp\htdocs\food\system\CodeIgniter.php(326): CodeIgniter\CodeIgniter->handleRequest(NULL, Object(Config\Cache), false)
#4 C:\xampp\htdocs\food\public\index.php(37): CodeIgniter\CodeIgniter->run()
#5 C:\xampp\htdocs\food\system\Commands\Server\rewrite.php(43): require_once('C:\\xampp\\htdocs...')
#6 {main}
CRITICAL - 2022-06-23 10:52:37 --> Undefined variable: validacao
#0 C:\xampp\htdocs\food\app\Controllers\Carrinho.php(32): CodeIgniter\Debug\Exceptions->errorHandler(8, 'Undefined varia...', 'C:\\xampp\\htdocs...', 32, Array)
#1 C:\xampp\htdocs\food\system\CodeIgniter.php(832): App\Controllers\Carrinho->adicionar()
#2 C:\xampp\htdocs\food\system\CodeIgniter.php(419): CodeIgniter\CodeIgniter->runController(Object(App\Controllers\Carrinho))
#3 C:\xampp\htdocs\food\system\CodeIgniter.php(326): CodeIgniter\CodeIgniter->handleRequest(NULL, Object(Config\Cache), false)
#4 C:\xampp\htdocs\food\public\index.php(37): CodeIgniter\CodeIgniter->run()
#5 C:\xampp\htdocs\food\system\Commands\Server\rewrite.php(43): require_once('C:\\xampp\\htdocs...')
#6 {main}
CRITICAL - 2022-06-23 10:56:04 --> Undefined variable: validacao
#0 C:\xampp\htdocs\food\app\Controllers\Carrinho.php(34): CodeIgniter\Debug\Exceptions->errorHandler(8, 'Undefined varia...', 'C:\\xampp\\htdocs...', 34, Array)
#1 C:\xampp\htdocs\food\system\CodeIgniter.php(832): App\Controllers\Carrinho->adicionar()
#2 C:\xampp\htdocs\food\system\CodeIgniter.php(419): CodeIgniter\CodeIgniter->runController(Object(App\Controllers\Carrinho))
#3 C:\xampp\htdocs\food\system\CodeIgniter.php(326): CodeIgniter\CodeIgniter->handleRequest(NULL, Object(Config\Cache), false)
#4 C:\xampp\htdocs\food\public\index.php(37): CodeIgniter\CodeIgniter->run()
#5 C:\xampp\htdocs\food\system\Commands\Server\rewrite.php(43): require_once('C:\\xampp\\htdocs...')
#6 {main}
CRITICAL - 2022-06-23 11:03:15 --> Undefined variable: validacao
#0 C:\xampp\htdocs\food\app\Controllers\Carrinho.php(32): CodeIgniter\Debug\Exceptions->errorHandler(8, 'Undefined varia...', 'C:\\xampp\\htdocs...', 32, Array)
#1 C:\xampp\htdocs\food\system\CodeIgniter.php(832): App\Controllers\Carrinho->adicionar()
#2 C:\xampp\htdocs\food\system\CodeIgniter.php(419): CodeIgniter\CodeIgniter->runController(Object(App\Controllers\Carrinho))
#3 C:\xampp\htdocs\food\system\CodeIgniter.php(326): CodeIgniter\CodeIgniter->handleRequest(NULL, Object(Config\Cache), false)
#4 C:\xampp\htdocs\food\public\index.php(37): CodeIgniter\CodeIgniter->run()
#5 C:\xampp\htdocs\food\system\Commands\Server\rewrite.php(43): require_once('C:\\xampp\\htdocs...')
#6 {main}
CRITICAL - 2022-06-23 11:09:56 --> Undefined variable: validacao
#0 C:\xampp\htdocs\food\app\Controllers\Carrinho.php(32): CodeIgniter\Debug\Exceptions->errorHandler(8, 'Undefined varia...', 'C:\\xampp\\htdocs...', 32, Array)
#1 C:\xampp\htdocs\food\system\CodeIgniter.php(832): App\Controllers\Carrinho->adicionar()
#2 C:\xampp\htdocs\food\system\CodeIgniter.php(419): CodeIgniter\CodeIgniter->runController(Object(App\Controllers\Carrinho))
#3 C:\xampp\htdocs\food\system\CodeIgniter.php(326): CodeIgniter\CodeIgniter->handleRequest(NULL, Object(Config\Cache), false)
#4 C:\xampp\htdocs\food\public\index.php(37): CodeIgniter\CodeIgniter->run()
#5 C:\xampp\htdocs\food\system\Commands\Server\rewrite.php(43): require_once('C:\\xampp\\htdocs...')
#6 {main}
CRITICAL - 2022-06-23 11:10:05 --> Undefined variable: validacao
#0 C:\xampp\htdocs\food\app\Controllers\Carrinho.php(32): CodeIgniter\Debug\Exceptions->errorHandler(8, 'Undefined varia...', 'C:\\xampp\\htdocs...', 32, Array)
#1 C:\xampp\htdocs\food\system\CodeIgniter.php(832): App\Controllers\Carrinho->adicionar()
#2 C:\xampp\htdocs\food\system\CodeIgniter.php(419): CodeIgniter\CodeIgniter->runController(Object(App\Controllers\Carrinho))
#3 C:\xampp\htdocs\food\system\CodeIgniter.php(326): CodeIgniter\CodeIgniter->handleRequest(NULL, Object(Config\Cache), false)
#4 C:\xampp\htdocs\food\public\index.php(37): CodeIgniter\CodeIgniter->run()
#5 C:\xampp\htdocs\food\system\Commands\Server\rewrite.php(43): require_once('C:\\xampp\\htdocs...')
#6 {main}
CRITICAL - 2022-06-23 11:10:17 --> Undefined variable: validacao
#0 C:\xampp\htdocs\food\app\Controllers\Carrinho.php(32): CodeIgniter\Debug\Exceptions->errorHandler(8, 'Undefined varia...', 'C:\\xampp\\htdocs...', 32, Array)
#1 C:\xampp\htdocs\food\system\CodeIgniter.php(832): App\Controllers\Carrinho->adicionar()
#2 C:\xampp\htdocs\food\system\CodeIgniter.php(419): CodeIgniter\CodeIgniter->runController(Object(App\Controllers\Carrinho))
#3 C:\xampp\htdocs\food\system\CodeIgniter.php(326): CodeIgniter\CodeIgniter->handleRequest(NULL, Object(Config\Cache), false)
#4 C:\xampp\htdocs\food\public\index.php(37): CodeIgniter\CodeIgniter->run()
#5 C:\xampp\htdocs\food\system\Commands\Server\rewrite.php(43): require_once('C:\\xampp\\htdocs...')
#6 {main}
CRITICAL - 2022-06-23 11:11:33 --> Call to a member function toArray() on null
#0 C:\xampp\htdocs\food\system\CodeIgniter.php(832): App\Controllers\Carrinho->adicionar()
#1 C:\xampp\htdocs\food\system\CodeIgniter.php(419): CodeIgniter\CodeIgniter->runController(Object(App\Controllers\Carrinho))
#2 C:\xampp\htdocs\food\system\CodeIgniter.php(326): CodeIgniter\CodeIgniter->handleRequest(NULL, Object(Config\Cache), false)
#3 C:\xampp\htdocs\food\public\index.php(37): CodeIgniter\CodeIgniter->run()
#4 C:\xampp\htdocs\food\system\Commands\Server\rewrite.php(43): require_once('C:\\xampp\\htdocs...')
#5 {main}
CRITICAL - 2022-06-23 11:20:47 --> Undefined variable: validacao
#0 C:\xampp\htdocs\food\app\Controllers\Carrinho.php(32): CodeIgniter\Debug\Exceptions->errorHandler(8, 'Undefined varia...', 'C:\\xampp\\htdocs...', 32, Array)
#1 C:\xampp\htdocs\food\system\CodeIgniter.php(832): App\Controllers\Carrinho->adicionar()
#2 C:\xampp\htdocs\food\system\CodeIgniter.php(419): CodeIgniter\CodeIgniter->runController(Object(App\Controllers\Carrinho))
#3 C:\xampp\htdocs\food\system\CodeIgniter.php(326): CodeIgniter\CodeIgniter->handleRequest(NULL, Object(Config\Cache), false)
#4 C:\xampp\htdocs\food\public\index.php(37): CodeIgniter\CodeIgniter->run()
#5 C:\xampp\htdocs\food\system\Commands\Server\rewrite.php(43): require_once('C:\\xampp\\htdocs...')
#6 {main}
CRITICAL - 2022-06-23 11:21:22 --> Undefined variable: validacao
#0 C:\xampp\htdocs\food\app\Controllers\Carrinho.php(32): CodeIgniter\Debug\Exceptions->errorHandler(8, 'Undefined varia...', 'C:\\xampp\\htdocs...', 32, Array)
#1 C:\xampp\htdocs\food\system\CodeIgniter.php(832): App\Controllers\Carrinho->adicionar()
#2 C:\xampp\htdocs\food\system\CodeIgniter.php(419): CodeIgniter\CodeIgniter->runController(Object(App\Controllers\Carrinho))
#3 C:\xampp\htdocs\food\system\CodeIgniter.php(326): CodeIgniter\CodeIgniter->handleRequest(NULL, Object(Config\Cache), false)
#4 C:\xampp\htdocs\food\public\index.php(37): CodeIgniter\CodeIgniter->run()
#5 C:\xampp\htdocs\food\system\Commands\Server\rewrite.php(43): require_once('C:\\xampp\\htdocs...')
#6 {main}
CRITICAL - 2022-06-23 11:21:52 --> Undefined variable: validacao
#0 C:\xampp\htdocs\food\app\Controllers\Carrinho.php(32): CodeIgniter\Debug\Exceptions->errorHandler(8, 'Undefined varia...', 'C:\\xampp\\htdocs...', 32, Array)
#1 C:\xampp\htdocs\food\system\CodeIgniter.php(832): App\Controllers\Carrinho->adicionar()
#2 C:\xampp\htdocs\food\system\CodeIgniter.php(419): CodeIgniter\CodeIgniter->runController(Object(App\Controllers\Carrinho))
#3 C:\xampp\htdocs\food\system\CodeIgniter.php(326): CodeIgniter\CodeIgniter->handleRequest(NULL, Object(Config\Cache), false)
#4 C:\xampp\htdocs\food\public\index.php(37): CodeIgniter\CodeIgniter->run()
#5 C:\xampp\htdocs\food\system\Commands\Server\rewrite.php(43): require_once('C:\\xampp\\htdocs...')
#6 {main}
CRITICAL - 2022-06-23 11:22:13 --> Undefined variable: validacao
#0 C:\xampp\htdocs\food\app\Controllers\Carrinho.php(32): CodeIgniter\Debug\Exceptions->errorHandler(8, 'Undefined varia...', 'C:\\xampp\\htdocs...', 32, Array)
#1 C:\xampp\htdocs\food\system\CodeIgniter.php(832): App\Controllers\Carrinho->adicionar()
#2 C:\xampp\htdocs\food\system\CodeIgniter.php(419): CodeIgniter\CodeIgniter->runController(Object(App\Controllers\Carrinho))
#3 C:\xampp\htdocs\food\system\CodeIgniter.php(326): CodeIgniter\CodeIgniter->handleRequest(NULL, Object(Config\Cache), false)
#4 C:\xampp\htdocs\food\public\index.php(37): CodeIgniter\CodeIgniter->run()
#5 C:\xampp\htdocs\food\system\Commands\Server\rewrite.php(43): require_once('C:\\xampp\\htdocs...')
#6 {main}
CRITICAL - 2022-06-23 11:22:42 --> Undefined variable: validacao
#0 C:\xampp\htdocs\food\app\Controllers\Carrinho.php(32): CodeIgniter\Debug\Exceptions->errorHandler(8, 'Undefined varia...', 'C:\\xampp\\htdocs...', 32, Array)
#1 C:\xampp\htdocs\food\system\CodeIgniter.php(832): App\Controllers\Carrinho->adicionar()
#2 C:\xampp\htdocs\food\system\CodeIgniter.php(419): CodeIgniter\CodeIgniter->runController(Object(App\Controllers\Carrinho))
#3 C:\xampp\htdocs\food\system\CodeIgniter.php(326): CodeIgniter\CodeIgniter->handleRequest(NULL, Object(Config\Cache), false)
#4 C:\xampp\htdocs\food\public\index.php(37): CodeIgniter\CodeIgniter->run()
#5 C:\xampp\htdocs\food\system\Commands\Server\rewrite.php(43): require_once('C:\\xampp\\htdocs...')
#6 {main}
CRITICAL - 2022-06-23 11:23:53 --> Undefined variable: validacao
#0 C:\xampp\htdocs\food\app\Controllers\Carrinho.php(32): CodeIgniter\Debug\Exceptions->errorHandler(8, 'Undefined varia...', 'C:\\xampp\\htdocs...', 32, Array)
#1 C:\xampp\htdocs\food\system\CodeIgniter.php(832): App\Controllers\Carrinho->adicionar()
#2 C:\xampp\htdocs\food\system\CodeIgniter.php(419): CodeIgniter\CodeIgniter->runController(Object(App\Controllers\Carrinho))
#3 C:\xampp\htdocs\food\system\CodeIgniter.php(326): CodeIgniter\CodeIgniter->handleRequest(NULL, Object(Config\Cache), false)
#4 C:\xampp\htdocs\food\public\index.php(37): CodeIgniter\CodeIgniter->run()
#5 C:\xampp\htdocs\food\system\Commands\Server\rewrite.php(43): require_once('C:\\xampp\\htdocs...')
#6 {main}
CRITICAL - 2022-06-23 12:01:24 --> Call to a member function toArray() on null
#0 C:\xampp\htdocs\food\system\CodeIgniter.php(832): App\Controllers\Carrinho->adicionar()
#1 C:\xampp\htdocs\food\system\CodeIgniter.php(419): CodeIgniter\CodeIgniter->runController(Object(App\Controllers\Carrinho))
#2 C:\xampp\htdocs\food\system\CodeIgniter.php(326): CodeIgniter\CodeIgniter->handleRequest(NULL, Object(Config\Cache), false)
#3 C:\xampp\htdocs\food\public\index.php(37): CodeIgniter\CodeIgniter->run()
#4 C:\xampp\htdocs\food\system\Commands\Server\rewrite.php(43): require_once('C:\\xampp\\htdocs...')
#5 {main}
CRITICAL - 2022-06-23 19:41:38 --> Call to a member function toArray() on null
#0 C:\xampp\htdocs\food\system\CodeIgniter.php(832): App\Controllers\Carrinho->adicionar()
#1 C:\xampp\htdocs\food\system\CodeIgniter.php(419): CodeIgniter\CodeIgniter->runController(Object(App\Controllers\Carrinho))
#2 C:\xampp\htdocs\food\system\CodeIgniter.php(326): CodeIgniter\CodeIgniter->handleRequest(NULL, Object(Config\Cache), false)
#3 C:\xampp\htdocs\food\public\index.php(37): CodeIgniter\CodeIgniter->run()
#4 C:\xampp\htdocs\food\system\Commands\Server\rewrite.php(43): require_once('C:\\xampp\\htdocs...')
#5 {main}
