CRITICAL - 2022-05-14 16:20:51 --> Argument 1 passed to App\Controllers\Admin\Produtos::buscaProdutoOu404() must be of the type int or null, string given, called in C:\xampp\htdocs\food\app\Controllers\Admin\Produtos.php on line 103
#0 C:\xampp\htdocs\food\app\Controllers\Admin\Produtos.php(103): App\Controllers\Admin\Produtos->buscaProdutoOu404('images')
#1 C:\xampp\htdocs\food\system\CodeIgniter.php(832): App\Controllers\Admin\Produtos->show('images', 'logo.svg')
#2 C:\xampp\htdocs\food\system\CodeIgniter.php(419): CodeIgniter\CodeIgniter->runController(Object(App\Controllers\Admin\Produtos))
#3 C:\xampp\htdocs\food\system\CodeIgniter.php(326): CodeIgniter\CodeIgniter->handleRequest(NULL, Object(Config\Cache), false)
#4 C:\xampp\htdocs\food\public\index.php(37): CodeIgniter\CodeIgniter->run()
#5 C:\xampp\htdocs\food\system\Commands\Server\rewrite.php(43): require_once('C:\\xampp\\htdocs...')
#6 {main}
CRITICAL - 2022-05-14 16:20:51 --> Argument 1 passed to App\Controllers\Admin\Produtos::buscaProdutoOu404() must be of the type int or null, string given, called in C:\xampp\htdocs\food\app\Controllers\Admin\Produtos.php on line 103
#0 C:\xampp\htdocs\food\app\Controllers\Admin\Produtos.php(103): App\Controllers\Admin\Produtos->buscaProdutoOu404('images')
#1 C:\xampp\htdocs\food\system\CodeIgniter.php(832): App\Controllers\Admin\Produtos->show('images', 'logo-mini.svg')
#2 C:\xampp\htdocs\food\system\CodeIgniter.php(419): CodeIgniter\CodeIgniter->runController(Object(App\Controllers\Admin\Produtos))
#3 C:\xampp\htdocs\food\system\CodeIgniter.php(326): CodeIgniter\CodeIgniter->handleRequest(NULL, Object(Config\Cache), false)
#4 C:\xampp\htdocs\food\public\index.php(37): CodeIgniter\CodeIgniter->run()
#5 C:\xampp\htdocs\food\system\Commands\Server\rewrite.php(43): require_once('C:\\xampp\\htdocs...')
#6 {main}
CRITICAL - 2022-05-14 16:20:51 --> Argument 1 passed to App\Controllers\Admin\Produtos::buscaProdutoOu404() must be of the type int or null, string given, called in C:\xampp\htdocs\food\app\Controllers\Admin\Produtos.php on line 103
#0 C:\xampp\htdocs\food\app\Controllers\Admin\Produtos.php(103): App\Controllers\Admin\Produtos->buscaProdutoOu404('images')
#1 C:\xampp\htdocs\food\system\CodeIgniter.php(832): App\Controllers\Admin\Produtos->show('images', 'faces', 'face4.jpg')
#2 C:\xampp\htdocs\food\system\CodeIgniter.php(419): CodeIgniter\CodeIgniter->runController(Object(App\Controllers\Admin\Produtos))
#3 C:\xampp\htdocs\food\system\CodeIgniter.php(326): CodeIgniter\CodeIgniter->handleRequest(NULL, Object(Config\Cache), false)
#4 C:\xampp\htdocs\food\public\index.php(37): CodeIgniter\CodeIgniter->run()
#5 C:\xampp\htdocs\food\system\Commands\Server\rewrite.php(43): require_once('C:\\xampp\\htdocs...')
#6 {main}
CRITICAL - 2022-05-14 16:20:51 --> Argument 1 passed to App\Controllers\Admin\Produtos::buscaProdutoOu404() must be of the type int or null, string given, called in C:\xampp\htdocs\food\app\Controllers\Admin\Produtos.php on line 103
#0 C:\xampp\htdocs\food\app\Controllers\Admin\Produtos.php(103): App\Controllers\Admin\Produtos->buscaProdutoOu404('images')
#1 C:\xampp\htdocs\food\system\CodeIgniter.php(832): App\Controllers\Admin\Produtos->show('images', 'faces', 'face2.jpg')
#2 C:\xampp\htdocs\food\system\CodeIgniter.php(419): CodeIgniter\CodeIgniter->runController(Object(App\Controllers\Admin\Produtos))
#3 C:\xampp\htdocs\food\system\CodeIgniter.php(326): CodeIgniter\CodeIgniter->handleRequest(NULL, Object(Config\Cache), false)
#4 C:\xampp\htdocs\food\public\index.php(37): CodeIgniter\CodeIgniter->run()
#5 C:\xampp\htdocs\food\system\Commands\Server\rewrite.php(43): require_once('C:\\xampp\\htdocs...')
#6 {main}
CRITICAL - 2022-05-14 16:20:51 --> Argument 1 passed to App\Controllers\Admin\Produtos::buscaProdutoOu404() must be of the type int or null, string given, called in C:\xampp\htdocs\food\app\Controllers\Admin\Produtos.php on line 103
#0 C:\xampp\htdocs\food\app\Controllers\Admin\Produtos.php(103): App\Controllers\Admin\Produtos->buscaProdutoOu404('images')
#1 C:\xampp\htdocs\food\system\CodeIgniter.php(832): App\Controllers\Admin\Produtos->show('images', 'faces', 'face3.jpg')
#2 C:\xampp\htdocs\food\system\CodeIgniter.php(419): CodeIgniter\CodeIgniter->runController(Object(App\Controllers\Admin\Produtos))
#3 C:\xampp\htdocs\food\system\CodeIgniter.php(326): CodeIgniter\CodeIgniter->handleRequest(NULL, Object(Config\Cache), false)
#4 C:\xampp\htdocs\food\public\index.php(37): CodeIgniter\CodeIgniter->run()
#5 C:\xampp\htdocs\food\system\Commands\Server\rewrite.php(43): require_once('C:\\xampp\\htdocs...')
#6 {main}
CRITICAL - 2022-05-14 16:20:51 --> Argument 1 passed to App\Controllers\Admin\Produtos::buscaProdutoOu404() must be of the type int or null, string given, called in C:\xampp\htdocs\food\app\Controllers\Admin\Produtos.php on line 103
#0 C:\xampp\htdocs\food\app\Controllers\Admin\Produtos.php(103): App\Controllers\Admin\Produtos->buscaProdutoOu404('images')
#1 C:\xampp\htdocs\food\system\CodeIgniter.php(832): App\Controllers\Admin\Produtos->show('images', 'faces', 'face5.jpg')
#2 C:\xampp\htdocs\food\system\CodeIgniter.php(419): CodeIgniter\CodeIgniter->runController(Object(App\Controllers\Admin\Produtos))
#3 C:\xampp\htdocs\food\system\CodeIgniter.php(326): CodeIgniter\CodeIgniter->handleRequest(NULL, Object(Config\Cache), false)
#4 C:\xampp\htdocs\food\public\index.php(37): CodeIgniter\CodeIgniter->run()
#5 C:\xampp\htdocs\food\system\Commands\Server\rewrite.php(43): require_once('C:\\xampp\\htdocs...')
#6 {main}
CRITICAL - 2022-05-14 16:20:54 --> Argument 1 passed to App\Controllers\Admin\Produtos::buscaProdutoOu404() must be of the type int or null, string given, called in C:\xampp\htdocs\food\app\Controllers\Admin\Produtos.php on line 103
#0 C:\xampp\htdocs\food\app\Controllers\Admin\Produtos.php(103): App\Controllers\Admin\Produtos->buscaProdutoOu404('images')
#1 C:\xampp\htdocs\food\system\CodeIgniter.php(832): App\Controllers\Admin\Produtos->show('images', 'logo.svg')
#2 C:\xampp\htdocs\food\system\CodeIgniter.php(419): CodeIgniter\CodeIgniter->runController(Object(App\Controllers\Admin\Produtos))
#3 C:\xampp\htdocs\food\system\CodeIgniter.php(326): CodeIgniter\CodeIgniter->handleRequest(NULL, Object(Config\Cache), false)
#4 C:\xampp\htdocs\food\public\index.php(37): CodeIgniter\CodeIgniter->run()
#5 C:\xampp\htdocs\food\system\Commands\Server\rewrite.php(43): require_once('C:\\xampp\\htdocs...')
#6 {main}
CRITICAL - 2022-05-14 16:20:54 --> Argument 1 passed to App\Controllers\Admin\Produtos::buscaProdutoOu404() must be of the type int or null, string given, called in C:\xampp\htdocs\food\app\Controllers\Admin\Produtos.php on line 103
#0 C:\xampp\htdocs\food\app\Controllers\Admin\Produtos.php(103): App\Controllers\Admin\Produtos->buscaProdutoOu404('images')
#1 C:\xampp\htdocs\food\system\CodeIgniter.php(832): App\Controllers\Admin\Produtos->show('images', 'logo-mini.svg')
#2 C:\xampp\htdocs\food\system\CodeIgniter.php(419): CodeIgniter\CodeIgniter->runController(Object(App\Controllers\Admin\Produtos))
#3 C:\xampp\htdocs\food\system\CodeIgniter.php(326): CodeIgniter\CodeIgniter->handleRequest(NULL, Object(Config\Cache), false)
#4 C:\xampp\htdocs\food\public\index.php(37): CodeIgniter\CodeIgniter->run()
#5 C:\xampp\htdocs\food\system\Commands\Server\rewrite.php(43): require_once('C:\\xampp\\htdocs...')
#6 {main}
CRITICAL - 2022-05-14 16:20:54 --> Argument 1 passed to App\Controllers\Admin\Produtos::buscaProdutoOu404() must be of the type int or null, string given, called in C:\xampp\htdocs\food\app\Controllers\Admin\Produtos.php on line 103
#0 C:\xampp\htdocs\food\app\Controllers\Admin\Produtos.php(103): App\Controllers\Admin\Produtos->buscaProdutoOu404('images')
#1 C:\xampp\htdocs\food\system\CodeIgniter.php(832): App\Controllers\Admin\Produtos->show('images', 'faces', 'face4.jpg')
#2 C:\xampp\htdocs\food\system\CodeIgniter.php(419): CodeIgniter\CodeIgniter->runController(Object(App\Controllers\Admin\Produtos))
#3 C:\xampp\htdocs\food\system\CodeIgniter.php(326): CodeIgniter\CodeIgniter->handleRequest(NULL, Object(Config\Cache), false)
#4 C:\xampp\htdocs\food\public\index.php(37): CodeIgniter\CodeIgniter->run()
#5 C:\xampp\htdocs\food\system\Commands\Server\rewrite.php(43): require_once('C:\\xampp\\htdocs...')
#6 {main}
CRITICAL - 2022-05-14 16:20:54 --> Argument 1 passed to App\Controllers\Admin\Produtos::buscaProdutoOu404() must be of the type int or null, string given, called in C:\xampp\htdocs\food\app\Controllers\Admin\Produtos.php on line 103
#0 C:\xampp\htdocs\food\app\Controllers\Admin\Produtos.php(103): App\Controllers\Admin\Produtos->buscaProdutoOu404('images')
#1 C:\xampp\htdocs\food\system\CodeIgniter.php(832): App\Controllers\Admin\Produtos->show('images', 'faces', 'face2.jpg')
#2 C:\xampp\htdocs\food\system\CodeIgniter.php(419): CodeIgniter\CodeIgniter->runController(Object(App\Controllers\Admin\Produtos))
#3 C:\xampp\htdocs\food\system\CodeIgniter.php(326): CodeIgniter\CodeIgniter->handleRequest(NULL, Object(Config\Cache), false)
#4 C:\xampp\htdocs\food\public\index.php(37): CodeIgniter\CodeIgniter->run()
#5 C:\xampp\htdocs\food\system\Commands\Server\rewrite.php(43): require_once('C:\\xampp\\htdocs...')
#6 {main}
CRITICAL - 2022-05-14 16:20:54 --> Argument 1 passed to App\Controllers\Admin\Produtos::buscaProdutoOu404() must be of the type int or null, string given, called in C:\xampp\htdocs\food\app\Controllers\Admin\Produtos.php on line 103
#0 C:\xampp\htdocs\food\app\Controllers\Admin\Produtos.php(103): App\Controllers\Admin\Produtos->buscaProdutoOu404('images')
#1 C:\xampp\htdocs\food\system\CodeIgniter.php(832): App\Controllers\Admin\Produtos->show('images', 'faces', 'face3.jpg')
#2 C:\xampp\htdocs\food\system\CodeIgniter.php(419): CodeIgniter\CodeIgniter->runController(Object(App\Controllers\Admin\Produtos))
#3 C:\xampp\htdocs\food\system\CodeIgniter.php(326): CodeIgniter\CodeIgniter->handleRequest(NULL, Object(Config\Cache), false)
#4 C:\xampp\htdocs\food\public\index.php(37): CodeIgniter\CodeIgniter->run()
#5 C:\xampp\htdocs\food\system\Commands\Server\rewrite.php(43): require_once('C:\\xampp\\htdocs...')
#6 {main}
CRITICAL - 2022-05-14 16:20:54 --> Argument 1 passed to App\Controllers\Admin\Produtos::buscaProdutoOu404() must be of the type int or null, string given, called in C:\xampp\htdocs\food\app\Controllers\Admin\Produtos.php on line 103
#0 C:\xampp\htdocs\food\app\Controllers\Admin\Produtos.php(103): App\Controllers\Admin\Produtos->buscaProdutoOu404('images')
#1 C:\xampp\htdocs\food\system\CodeIgniter.php(832): App\Controllers\Admin\Produtos->show('images', 'faces', 'face5.jpg')
#2 C:\xampp\htdocs\food\system\CodeIgniter.php(419): CodeIgniter\CodeIgniter->runController(Object(App\Controllers\Admin\Produtos))
#3 C:\xampp\htdocs\food\system\CodeIgniter.php(326): CodeIgniter\CodeIgniter->handleRequest(NULL, Object(Config\Cache), false)
#4 C:\xampp\htdocs\food\public\index.php(37): CodeIgniter\CodeIgniter->run()
#5 C:\xampp\htdocs\food\system\Commands\Server\rewrite.php(43): require_once('C:\\xampp\\htdocs...')
#6 {main}
