CRITICAL - 2022-05-03 01:11:43 --> Argument 1 passed to App\Controllers\Admin\Usuarios::buscaUsuarioOu404() must be of the type int or null, string given, called in C:\xampp\htdocs\food\app\Controllers\Admin\Usuarios.php on line 96
#0 C:\xampp\htdocs\food\app\Controllers\Admin\Usuarios.php(96): App\Controllers\Admin\Usuarios->buscaUsuarioOu404('images')
#1 C:\xampp\htdocs\food\system\CodeIgniter.php(832): App\Controllers\Admin\Usuarios->show('images', 'logo.svg')
#2 C:\xampp\htdocs\food\system\CodeIgniter.php(419): CodeIgniter\CodeIgniter->runController(Object(App\Controllers\Admin\Usuarios))
#3 C:\xampp\htdocs\food\system\CodeIgniter.php(326): CodeIgniter\CodeIgniter->handleRequest(NULL, Object(Config\Cache), false)
#4 C:\xampp\htdocs\food\public\index.php(37): CodeIgniter\CodeIgniter->run()
#5 C:\xampp\htdocs\food\system\Commands\Server\rewrite.php(43): require_once('C:\\xampp\\htdocs...')
#6 {main}
CRITICAL - 2022-05-03 01:11:43 --> Argument 1 passed to App\Controllers\Admin\Usuarios::buscaUsuarioOu404() must be of the type int or null, string given, called in C:\xampp\htdocs\food\app\Controllers\Admin\Usuarios.php on line 96
#0 C:\xampp\htdocs\food\app\Controllers\Admin\Usuarios.php(96): App\Controllers\Admin\Usuarios->buscaUsuarioOu404('images')
#1 C:\xampp\htdocs\food\system\CodeIgniter.php(832): App\Controllers\Admin\Usuarios->show('images', 'logo-mini.svg')
#2 C:\xampp\htdocs\food\system\CodeIgniter.php(419): CodeIgniter\CodeIgniter->runController(Object(App\Controllers\Admin\Usuarios))
#3 C:\xampp\htdocs\food\system\CodeIgniter.php(326): CodeIgniter\CodeIgniter->handleRequest(NULL, Object(Config\Cache), false)
#4 C:\xampp\htdocs\food\public\index.php(37): CodeIgniter\CodeIgniter->run()
#5 C:\xampp\htdocs\food\system\Commands\Server\rewrite.php(43): require_once('C:\\xampp\\htdocs...')
#6 {main}
CRITICAL - 2022-05-03 01:11:44 --> Argument 1 passed to App\Controllers\Admin\Usuarios::buscaUsuarioOu404() must be of the type int or null, string given, called in C:\xampp\htdocs\food\app\Controllers\Admin\Usuarios.php on line 96
#0 C:\xampp\htdocs\food\app\Controllers\Admin\Usuarios.php(96): App\Controllers\Admin\Usuarios->buscaUsuarioOu404('images')
#1 C:\xampp\htdocs\food\system\CodeIgniter.php(832): App\Controllers\Admin\Usuarios->show('images', 'faces', 'face4.jpg')
#2 C:\xampp\htdocs\food\system\CodeIgniter.php(419): CodeIgniter\CodeIgniter->runController(Object(App\Controllers\Admin\Usuarios))
#3 C:\xampp\htdocs\food\system\CodeIgniter.php(326): CodeIgniter\CodeIgniter->handleRequest(NULL, Object(Config\Cache), false)
#4 C:\xampp\htdocs\food\public\index.php(37): CodeIgniter\CodeIgniter->run()
#5 C:\xampp\htdocs\food\system\Commands\Server\rewrite.php(43): require_once('C:\\xampp\\htdocs...')
#6 {main}
CRITICAL - 2022-05-03 01:11:44 --> Argument 1 passed to App\Controllers\Admin\Usuarios::buscaUsuarioOu404() must be of the type int or null, string given, called in C:\xampp\htdocs\food\app\Controllers\Admin\Usuarios.php on line 96
#0 C:\xampp\htdocs\food\app\Controllers\Admin\Usuarios.php(96): App\Controllers\Admin\Usuarios->buscaUsuarioOu404('images')
#1 C:\xampp\htdocs\food\system\CodeIgniter.php(832): App\Controllers\Admin\Usuarios->show('images', 'faces', 'face2.jpg')
#2 C:\xampp\htdocs\food\system\CodeIgniter.php(419): CodeIgniter\CodeIgniter->runController(Object(App\Controllers\Admin\Usuarios))
#3 C:\xampp\htdocs\food\system\CodeIgniter.php(326): CodeIgniter\CodeIgniter->handleRequest(NULL, Object(Config\Cache), false)
#4 C:\xampp\htdocs\food\public\index.php(37): CodeIgniter\CodeIgniter->run()
#5 C:\xampp\htdocs\food\system\Commands\Server\rewrite.php(43): require_once('C:\\xampp\\htdocs...')
#6 {main}
CRITICAL - 2022-05-03 01:11:44 --> Argument 1 passed to App\Controllers\Admin\Usuarios::buscaUsuarioOu404() must be of the type int or null, string given, called in C:\xampp\htdocs\food\app\Controllers\Admin\Usuarios.php on line 96
#0 C:\xampp\htdocs\food\app\Controllers\Admin\Usuarios.php(96): App\Controllers\Admin\Usuarios->buscaUsuarioOu404('images')
#1 C:\xampp\htdocs\food\system\CodeIgniter.php(832): App\Controllers\Admin\Usuarios->show('images', 'faces', 'face3.jpg')
#2 C:\xampp\htdocs\food\system\CodeIgniter.php(419): CodeIgniter\CodeIgniter->runController(Object(App\Controllers\Admin\Usuarios))
#3 C:\xampp\htdocs\food\system\CodeIgniter.php(326): CodeIgniter\CodeIgniter->handleRequest(NULL, Object(Config\Cache), false)
#4 C:\xampp\htdocs\food\public\index.php(37): CodeIgniter\CodeIgniter->run()
#5 C:\xampp\htdocs\food\system\Commands\Server\rewrite.php(43): require_once('C:\\xampp\\htdocs...')
#6 {main}
CRITICAL - 2022-05-03 01:11:44 --> Argument 1 passed to App\Controllers\Admin\Usuarios::buscaUsuarioOu404() must be of the type int or null, string given, called in C:\xampp\htdocs\food\app\Controllers\Admin\Usuarios.php on line 96
#0 C:\xampp\htdocs\food\app\Controllers\Admin\Usuarios.php(96): App\Controllers\Admin\Usuarios->buscaUsuarioOu404('images')
#1 C:\xampp\htdocs\food\system\CodeIgniter.php(832): App\Controllers\Admin\Usuarios->show('images', 'faces', 'face5.jpg')
#2 C:\xampp\htdocs\food\system\CodeIgniter.php(419): CodeIgniter\CodeIgniter->runController(Object(App\Controllers\Admin\Usuarios))
#3 C:\xampp\htdocs\food\system\CodeIgniter.php(326): CodeIgniter\CodeIgniter->handleRequest(NULL, Object(Config\Cache), false)
#4 C:\xampp\htdocs\food\public\index.php(37): CodeIgniter\CodeIgniter->run()
#5 C:\xampp\htdocs\food\system\Commands\Server\rewrite.php(43): require_once('C:\\xampp\\htdocs...')
#6 {main}
CRITICAL - 2022-05-03 01:11:45 --> Argument 1 passed to App\Controllers\Admin\Usuarios::buscaUsuarioOu404() must be of the type int or null, string given, called in C:\xampp\htdocs\food\app\Controllers\Admin\Usuarios.php on line 111
#0 C:\xampp\htdocs\food\app\Controllers\Admin\Usuarios.php(111): App\Controllers\Admin\Usuarios->buscaUsuarioOu404('images')
#1 C:\xampp\htdocs\food\system\CodeIgniter.php(832): App\Controllers\Admin\Usuarios->editar('images', 'logo.svg')
#2 C:\xampp\htdocs\food\system\CodeIgniter.php(419): CodeIgniter\CodeIgniter->runController(Object(App\Controllers\Admin\Usuarios))
#3 C:\xampp\htdocs\food\system\CodeIgniter.php(326): CodeIgniter\CodeIgniter->handleRequest(NULL, Object(Config\Cache), false)
#4 C:\xampp\htdocs\food\public\index.php(37): CodeIgniter\CodeIgniter->run()
#5 C:\xampp\htdocs\food\system\Commands\Server\rewrite.php(43): require_once('C:\\xampp\\htdocs...')
#6 {main}
CRITICAL - 2022-05-03 01:11:45 --> Argument 1 passed to App\Controllers\Admin\Usuarios::buscaUsuarioOu404() must be of the type int or null, string given, called in C:\xampp\htdocs\food\app\Controllers\Admin\Usuarios.php on line 111
#0 C:\xampp\htdocs\food\app\Controllers\Admin\Usuarios.php(111): App\Controllers\Admin\Usuarios->buscaUsuarioOu404('images')
#1 C:\xampp\htdocs\food\system\CodeIgniter.php(832): App\Controllers\Admin\Usuarios->editar('images', 'logo-mini.svg')
#2 C:\xampp\htdocs\food\system\CodeIgniter.php(419): CodeIgniter\CodeIgniter->runController(Object(App\Controllers\Admin\Usuarios))
#3 C:\xampp\htdocs\food\system\CodeIgniter.php(326): CodeIgniter\CodeIgniter->handleRequest(NULL, Object(Config\Cache), false)
#4 C:\xampp\htdocs\food\public\index.php(37): CodeIgniter\CodeIgniter->run()
#5 C:\xampp\htdocs\food\system\Commands\Server\rewrite.php(43): require_once('C:\\xampp\\htdocs...')
#6 {main}
CRITICAL - 2022-05-03 01:11:45 --> Argument 1 passed to App\Controllers\Admin\Usuarios::buscaUsuarioOu404() must be of the type int or null, string given, called in C:\xampp\htdocs\food\app\Controllers\Admin\Usuarios.php on line 111
#0 C:\xampp\htdocs\food\app\Controllers\Admin\Usuarios.php(111): App\Controllers\Admin\Usuarios->buscaUsuarioOu404('images')
#1 C:\xampp\htdocs\food\system\CodeIgniter.php(832): App\Controllers\Admin\Usuarios->editar('images', 'faces', 'face4.jpg')
#2 C:\xampp\htdocs\food\system\CodeIgniter.php(419): CodeIgniter\CodeIgniter->runController(Object(App\Controllers\Admin\Usuarios))
#3 C:\xampp\htdocs\food\system\CodeIgniter.php(326): CodeIgniter\CodeIgniter->handleRequest(NULL, Object(Config\Cache), false)
#4 C:\xampp\htdocs\food\public\index.php(37): CodeIgniter\CodeIgniter->run()
#5 C:\xampp\htdocs\food\system\Commands\Server\rewrite.php(43): require_once('C:\\xampp\\htdocs...')
#6 {main}
CRITICAL - 2022-05-03 01:11:45 --> Argument 1 passed to App\Controllers\Admin\Usuarios::buscaUsuarioOu404() must be of the type int or null, string given, called in C:\xampp\htdocs\food\app\Controllers\Admin\Usuarios.php on line 111
#0 C:\xampp\htdocs\food\app\Controllers\Admin\Usuarios.php(111): App\Controllers\Admin\Usuarios->buscaUsuarioOu404('images')
#1 C:\xampp\htdocs\food\system\CodeIgniter.php(832): App\Controllers\Admin\Usuarios->editar('images', 'faces', 'face2.jpg')
#2 C:\xampp\htdocs\food\system\CodeIgniter.php(419): CodeIgniter\CodeIgniter->runController(Object(App\Controllers\Admin\Usuarios))
#3 C:\xampp\htdocs\food\system\CodeIgniter.php(326): CodeIgniter\CodeIgniter->handleRequest(NULL, Object(Config\Cache), false)
#4 C:\xampp\htdocs\food\public\index.php(37): CodeIgniter\CodeIgniter->run()
#5 C:\xampp\htdocs\food\system\Commands\Server\rewrite.php(43): require_once('C:\\xampp\\htdocs...')
#6 {main}
CRITICAL - 2022-05-03 01:11:45 --> Argument 1 passed to App\Controllers\Admin\Usuarios::buscaUsuarioOu404() must be of the type int or null, string given, called in C:\xampp\htdocs\food\app\Controllers\Admin\Usuarios.php on line 111
#0 C:\xampp\htdocs\food\app\Controllers\Admin\Usuarios.php(111): App\Controllers\Admin\Usuarios->buscaUsuarioOu404('images')
#1 C:\xampp\htdocs\food\system\CodeIgniter.php(832): App\Controllers\Admin\Usuarios->editar('images', 'faces', 'face3.jpg')
#2 C:\xampp\htdocs\food\system\CodeIgniter.php(419): CodeIgniter\CodeIgniter->runController(Object(App\Controllers\Admin\Usuarios))
#3 C:\xampp\htdocs\food\system\CodeIgniter.php(326): CodeIgniter\CodeIgniter->handleRequest(NULL, Object(Config\Cache), false)
#4 C:\xampp\htdocs\food\public\index.php(37): CodeIgniter\CodeIgniter->run()
#5 C:\xampp\htdocs\food\system\Commands\Server\rewrite.php(43): require_once('C:\\xampp\\htdocs...')
#6 {main}
CRITICAL - 2022-05-03 01:11:45 --> Argument 1 passed to App\Controllers\Admin\Usuarios::buscaUsuarioOu404() must be of the type int or null, string given, called in C:\xampp\htdocs\food\app\Controllers\Admin\Usuarios.php on line 111
#0 C:\xampp\htdocs\food\app\Controllers\Admin\Usuarios.php(111): App\Controllers\Admin\Usuarios->buscaUsuarioOu404('images')
#1 C:\xampp\htdocs\food\system\CodeIgniter.php(832): App\Controllers\Admin\Usuarios->editar('images', 'faces', 'face5.jpg')
#2 C:\xampp\htdocs\food\system\CodeIgniter.php(419): CodeIgniter\CodeIgniter->runController(Object(App\Controllers\Admin\Usuarios))
#3 C:\xampp\htdocs\food\system\CodeIgniter.php(326): CodeIgniter\CodeIgniter->handleRequest(NULL, Object(Config\Cache), false)
#4 C:\xampp\htdocs\food\public\index.php(37): CodeIgniter\CodeIgniter->run()
#5 C:\xampp\htdocs\food\system\Commands\Server\rewrite.php(43): require_once('C:\\xampp\\htdocs...')
#6 {main}
CRITICAL - 2022-05-03 01:12:19 --> Argument 1 passed to App\Controllers\Admin\Usuarios::buscaUsuarioOu404() must be of the type int or null, string given, called in C:\xampp\htdocs\food\app\Controllers\Admin\Usuarios.php on line 96
#0 C:\xampp\htdocs\food\app\Controllers\Admin\Usuarios.php(96): App\Controllers\Admin\Usuarios->buscaUsuarioOu404('images')
#1 C:\xampp\htdocs\food\system\CodeIgniter.php(832): App\Controllers\Admin\Usuarios->show('images', 'logo.svg')
#2 C:\xampp\htdocs\food\system\CodeIgniter.php(419): CodeIgniter\CodeIgniter->runController(Object(App\Controllers\Admin\Usuarios))
#3 C:\xampp\htdocs\food\system\CodeIgniter.php(326): CodeIgniter\CodeIgniter->handleRequest(NULL, Object(Config\Cache), false)
#4 C:\xampp\htdocs\food\public\index.php(37): CodeIgniter\CodeIgniter->run()
#5 C:\xampp\htdocs\food\system\Commands\Server\rewrite.php(43): require_once('C:\\xampp\\htdocs...')
#6 {main}
CRITICAL - 2022-05-03 01:12:19 --> Argument 1 passed to App\Controllers\Admin\Usuarios::buscaUsuarioOu404() must be of the type int or null, string given, called in C:\xampp\htdocs\food\app\Controllers\Admin\Usuarios.php on line 96
#0 C:\xampp\htdocs\food\app\Controllers\Admin\Usuarios.php(96): App\Controllers\Admin\Usuarios->buscaUsuarioOu404('images')
#1 C:\xampp\htdocs\food\system\CodeIgniter.php(832): App\Controllers\Admin\Usuarios->show('images', 'logo-mini.svg')
#2 C:\xampp\htdocs\food\system\CodeIgniter.php(419): CodeIgniter\CodeIgniter->runController(Object(App\Controllers\Admin\Usuarios))
#3 C:\xampp\htdocs\food\system\CodeIgniter.php(326): CodeIgniter\CodeIgniter->handleRequest(NULL, Object(Config\Cache), false)
#4 C:\xampp\htdocs\food\public\index.php(37): CodeIgniter\CodeIgniter->run()
#5 C:\xampp\htdocs\food\system\Commands\Server\rewrite.php(43): require_once('C:\\xampp\\htdocs...')
#6 {main}
CRITICAL - 2022-05-03 01:12:19 --> Argument 1 passed to App\Controllers\Admin\Usuarios::buscaUsuarioOu404() must be of the type int or null, string given, called in C:\xampp\htdocs\food\app\Controllers\Admin\Usuarios.php on line 96
#0 C:\xampp\htdocs\food\app\Controllers\Admin\Usuarios.php(96): App\Controllers\Admin\Usuarios->buscaUsuarioOu404('images')
#1 C:\xampp\htdocs\food\system\CodeIgniter.php(832): App\Controllers\Admin\Usuarios->show('images', 'faces', 'face4.jpg')
#2 C:\xampp\htdocs\food\system\CodeIgniter.php(419): CodeIgniter\CodeIgniter->runController(Object(App\Controllers\Admin\Usuarios))
#3 C:\xampp\htdocs\food\system\CodeIgniter.php(326): CodeIgniter\CodeIgniter->handleRequest(NULL, Object(Config\Cache), false)
#4 C:\xampp\htdocs\food\public\index.php(37): CodeIgniter\CodeIgniter->run()
#5 C:\xampp\htdocs\food\system\Commands\Server\rewrite.php(43): require_once('C:\\xampp\\htdocs...')
#6 {main}
CRITICAL - 2022-05-03 01:12:19 --> Argument 1 passed to App\Controllers\Admin\Usuarios::buscaUsuarioOu404() must be of the type int or null, string given, called in C:\xampp\htdocs\food\app\Controllers\Admin\Usuarios.php on line 96
#0 C:\xampp\htdocs\food\app\Controllers\Admin\Usuarios.php(96): App\Controllers\Admin\Usuarios->buscaUsuarioOu404('images')
#1 C:\xampp\htdocs\food\system\CodeIgniter.php(832): App\Controllers\Admin\Usuarios->show('images', 'faces', 'face2.jpg')
#2 C:\xampp\htdocs\food\system\CodeIgniter.php(419): CodeIgniter\CodeIgniter->runController(Object(App\Controllers\Admin\Usuarios))
#3 C:\xampp\htdocs\food\system\CodeIgniter.php(326): CodeIgniter\CodeIgniter->handleRequest(NULL, Object(Config\Cache), false)
#4 C:\xampp\htdocs\food\public\index.php(37): CodeIgniter\CodeIgniter->run()
#5 C:\xampp\htdocs\food\system\Commands\Server\rewrite.php(43): require_once('C:\\xampp\\htdocs...')
#6 {main}
CRITICAL - 2022-05-03 01:12:20 --> Argument 1 passed to App\Controllers\Admin\Usuarios::buscaUsuarioOu404() must be of the type int or null, string given, called in C:\xampp\htdocs\food\app\Controllers\Admin\Usuarios.php on line 96
#0 C:\xampp\htdocs\food\app\Controllers\Admin\Usuarios.php(96): App\Controllers\Admin\Usuarios->buscaUsuarioOu404('images')
#1 C:\xampp\htdocs\food\system\CodeIgniter.php(832): App\Controllers\Admin\Usuarios->show('images', 'faces', 'face5.jpg')
#2 C:\xampp\htdocs\food\system\CodeIgniter.php(419): CodeIgniter\CodeIgniter->runController(Object(App\Controllers\Admin\Usuarios))
#3 C:\xampp\htdocs\food\system\CodeIgniter.php(326): CodeIgniter\CodeIgniter->handleRequest(NULL, Object(Config\Cache), false)
#4 C:\xampp\htdocs\food\public\index.php(37): CodeIgniter\CodeIgniter->run()
#5 C:\xampp\htdocs\food\system\Commands\Server\rewrite.php(43): require_once('C:\\xampp\\htdocs...')
#6 {main}
CRITICAL - 2022-05-03 01:12:20 --> Argument 1 passed to App\Controllers\Admin\Usuarios::buscaUsuarioOu404() must be of the type int or null, string given, called in C:\xampp\htdocs\food\app\Controllers\Admin\Usuarios.php on line 96
#0 C:\xampp\htdocs\food\app\Controllers\Admin\Usuarios.php(96): App\Controllers\Admin\Usuarios->buscaUsuarioOu404('images')
#1 C:\xampp\htdocs\food\system\CodeIgniter.php(832): App\Controllers\Admin\Usuarios->show('images', 'faces', 'face3.jpg')
#2 C:\xampp\htdocs\food\system\CodeIgniter.php(419): CodeIgniter\CodeIgniter->runController(Object(App\Controllers\Admin\Usuarios))
#3 C:\xampp\htdocs\food\system\CodeIgniter.php(326): CodeIgniter\CodeIgniter->handleRequest(NULL, Object(Config\Cache), false)
#4 C:\xampp\htdocs\food\public\index.php(37): CodeIgniter\CodeIgniter->run()
#5 C:\xampp\htdocs\food\system\Commands\Server\rewrite.php(43): require_once('C:\\xampp\\htdocs...')
#6 {main}
CRITICAL - 2022-05-03 01:13:47 --> Argument 1 passed to App\Controllers\Admin\Categorias::buscaCategoriaOu404() must be of the type int or null, string given, called in C:\xampp\htdocs\food\app\Controllers\Admin\Categorias.php on line 98
#0 C:\xampp\htdocs\food\app\Controllers\Admin\Categorias.php(98): App\Controllers\Admin\Categorias->buscaCategoriaOu404('images')
#1 C:\xampp\htdocs\food\system\CodeIgniter.php(832): App\Controllers\Admin\Categorias->show('images', 'logo.svg')
#2 C:\xampp\htdocs\food\system\CodeIgniter.php(419): CodeIgniter\CodeIgniter->runController(Object(App\Controllers\Admin\Categorias))
#3 C:\xampp\htdocs\food\system\CodeIgniter.php(326): CodeIgniter\CodeIgniter->handleRequest(NULL, Object(Config\Cache), false)
#4 C:\xampp\htdocs\food\public\index.php(37): CodeIgniter\CodeIgniter->run()
#5 C:\xampp\htdocs\food\system\Commands\Server\rewrite.php(43): require_once('C:\\xampp\\htdocs...')
#6 {main}
CRITICAL - 2022-05-03 01:13:47 --> Argument 1 passed to App\Controllers\Admin\Categorias::buscaCategoriaOu404() must be of the type int or null, string given, called in C:\xampp\htdocs\food\app\Controllers\Admin\Categorias.php on line 98
#0 C:\xampp\htdocs\food\app\Controllers\Admin\Categorias.php(98): App\Controllers\Admin\Categorias->buscaCategoriaOu404('images')
#1 C:\xampp\htdocs\food\system\CodeIgniter.php(832): App\Controllers\Admin\Categorias->show('images', 'logo-mini.svg')
#2 C:\xampp\htdocs\food\system\CodeIgniter.php(419): CodeIgniter\CodeIgniter->runController(Object(App\Controllers\Admin\Categorias))
#3 C:\xampp\htdocs\food\system\CodeIgniter.php(326): CodeIgniter\CodeIgniter->handleRequest(NULL, Object(Config\Cache), false)
#4 C:\xampp\htdocs\food\public\index.php(37): CodeIgniter\CodeIgniter->run()
#5 C:\xampp\htdocs\food\system\Commands\Server\rewrite.php(43): require_once('C:\\xampp\\htdocs...')
#6 {main}
CRITICAL - 2022-05-03 01:13:47 --> Argument 1 passed to App\Controllers\Admin\Categorias::buscaCategoriaOu404() must be of the type int or null, string given, called in C:\xampp\htdocs\food\app\Controllers\Admin\Categorias.php on line 98
#0 C:\xampp\htdocs\food\app\Controllers\Admin\Categorias.php(98): App\Controllers\Admin\Categorias->buscaCategoriaOu404('images')
#1 C:\xampp\htdocs\food\system\CodeIgniter.php(832): App\Controllers\Admin\Categorias->show('images', 'faces', 'face4.jpg')
#2 C:\xampp\htdocs\food\system\CodeIgniter.php(419): CodeIgniter\CodeIgniter->runController(Object(App\Controllers\Admin\Categorias))
#3 C:\xampp\htdocs\food\system\CodeIgniter.php(326): CodeIgniter\CodeIgniter->handleRequest(NULL, Object(Config\Cache), false)
#4 C:\xampp\htdocs\food\public\index.php(37): CodeIgniter\CodeIgniter->run()
#5 C:\xampp\htdocs\food\system\Commands\Server\rewrite.php(43): require_once('C:\\xampp\\htdocs...')
#6 {main}
CRITICAL - 2022-05-03 01:13:47 --> Argument 1 passed to App\Controllers\Admin\Categorias::buscaCategoriaOu404() must be of the type int or null, string given, called in C:\xampp\htdocs\food\app\Controllers\Admin\Categorias.php on line 98
#0 C:\xampp\htdocs\food\app\Controllers\Admin\Categorias.php(98): App\Controllers\Admin\Categorias->buscaCategoriaOu404('images')
#1 C:\xampp\htdocs\food\system\CodeIgniter.php(832): App\Controllers\Admin\Categorias->show('images', 'faces', 'face2.jpg')
#2 C:\xampp\htdocs\food\system\CodeIgniter.php(419): CodeIgniter\CodeIgniter->runController(Object(App\Controllers\Admin\Categorias))
#3 C:\xampp\htdocs\food\system\CodeIgniter.php(326): CodeIgniter\CodeIgniter->handleRequest(NULL, Object(Config\Cache), false)
#4 C:\xampp\htdocs\food\public\index.php(37): CodeIgniter\CodeIgniter->run()
#5 C:\xampp\htdocs\food\system\Commands\Server\rewrite.php(43): require_once('C:\\xampp\\htdocs...')
#6 {main}
CRITICAL - 2022-05-03 01:13:47 --> Argument 1 passed to App\Controllers\Admin\Categorias::buscaCategoriaOu404() must be of the type int or null, string given, called in C:\xampp\htdocs\food\app\Controllers\Admin\Categorias.php on line 98
#0 C:\xampp\htdocs\food\app\Controllers\Admin\Categorias.php(98): App\Controllers\Admin\Categorias->buscaCategoriaOu404('images')
#1 C:\xampp\htdocs\food\system\CodeIgniter.php(832): App\Controllers\Admin\Categorias->show('images', 'faces', 'face3.jpg')
#2 C:\xampp\htdocs\food\system\CodeIgniter.php(419): CodeIgniter\CodeIgniter->runController(Object(App\Controllers\Admin\Categorias))
#3 C:\xampp\htdocs\food\system\CodeIgniter.php(326): CodeIgniter\CodeIgniter->handleRequest(NULL, Object(Config\Cache), false)
#4 C:\xampp\htdocs\food\public\index.php(37): CodeIgniter\CodeIgniter->run()
#5 C:\xampp\htdocs\food\system\Commands\Server\rewrite.php(43): require_once('C:\\xampp\\htdocs...')
#6 {main}
CRITICAL - 2022-05-03 01:13:47 --> Argument 1 passed to App\Controllers\Admin\Categorias::buscaCategoriaOu404() must be of the type int or null, string given, called in C:\xampp\htdocs\food\app\Controllers\Admin\Categorias.php on line 98
#0 C:\xampp\htdocs\food\app\Controllers\Admin\Categorias.php(98): App\Controllers\Admin\Categorias->buscaCategoriaOu404('images')
#1 C:\xampp\htdocs\food\system\CodeIgniter.php(832): App\Controllers\Admin\Categorias->show('images', 'faces', 'face5.jpg')
#2 C:\xampp\htdocs\food\system\CodeIgniter.php(419): CodeIgniter\CodeIgniter->runController(Object(App\Controllers\Admin\Categorias))
#3 C:\xampp\htdocs\food\system\CodeIgniter.php(326): CodeIgniter\CodeIgniter->handleRequest(NULL, Object(Config\Cache), false)
#4 C:\xampp\htdocs\food\public\index.php(37): CodeIgniter\CodeIgniter->run()
#5 C:\xampp\htdocs\food\system\Commands\Server\rewrite.php(43): require_once('C:\\xampp\\htdocs...')
#6 {main}
CRITICAL - 2022-05-03 01:13:50 --> Class 'App\Entities\Extras' not found
#0 [internal function]: CodeIgniter\Debug\Exceptions->shutdownHandler()
#1 {main}
